Arguments: 
  C:\Program Files\nodejs\node.exe C:\Program Files (x86)\Yarn\bin\yarn.js add -check-files

PATH: 
  C:\Program Files\Common Files\Microsoft Shared\Windows Live;C:\Program Files (x86)\Common Files\Microsoft Shared\Windows Live;C:\ProgramData\Oracle\Java\javapath;C:\Program Files (x86)\AMD APP\bin\x86_64;C:\Program Files (x86)\AMD APP\bin\x86;C:\Windows\system32;C:\Windows;C:\Windows\System32\Wbem;C:\Windows\System32\WindowsPowerShell\v1.0\;C:\Program Files (x86)\NVIDIA Corporation\PhysX\Common;C:\Program Files (x86)\Windows Live\Shared;C:\Program Files\Git\cmd;C:\Program Files\nodejs\;C:\Program Files (x86)\Yarn\bin\;C:\Program Files\Common Files\Microsoft Shared\Windows Live;C:\Program Files (x86)\Common Files\Microsoft Shared\Windows Live;C:\ProgramData\Oracle\Java\javapath;C:\Program Files (x86)\AMD APP\bin\x86_64;C:\Program Files (x86)\AMD APP\bin\x86;C:\Windows\system32;C:\Windows;C:\Windows\System32\Wbem;C:\Windows\System32\WindowsPowerShell\v1.0\;C:\Program Files (x86)\NVIDIA Corporation\PhysX\Common;C:\Program Files (x86)\Windows Live\Shared;C:\Program Files\Git\cmd;C:\Program Files\nodejs\;C:\Ruby25-x64\bin;C:\Users\AARON\AppData\Local\GitHubDesktop\bin;C:\Users\AARON\AppData\Local\Programs\Microsoft VS Code\bin;C:\Users\AARON\AppData\Roaming\npm;c:\php;C:\Program Files\heroku\bin;C:\Users\AARON\AppData\Local\Yarn\bin

Yarn version: 
  1.17.3

Node version: 
  8.12.0

Platform: 
  win32 x64

Trace: 
  Error: https://registry.yarnpkg.com/-f: Not found
      at Request.params.callback [as _callback] (C:\Program Files (x86)\Yarn\lib\cli.js:65939:18)
      at Request.self.callback (C:\Program Files (x86)\Yarn\lib\cli.js:140464:22)
      at emitTwo (events.js:126:13)
      at Request.emit (events.js:214:7)
      at Request.<anonymous> (C:\Program Files (x86)\Yarn\lib\cli.js:141436:10)
      at emitOne (events.js:116:13)
      at Request.emit (events.js:211:7)
      at IncomingMessage.<anonymous> (C:\Program Files (x86)\Yarn\lib\cli.js:141358:12)
      at Object.onceWrapper (events.js:313:30)
      at emitNone (events.js:111:20)

npm manifest: 
  {
    "name": "swyle",
    "private": true,
    "dependencies": {
      "@rails/actioncable": "^6.0.0-alpha",
      "@rails/activestorage": "^6.0.0-alpha",
      "@rails/ujs": "^6.0.0-alpha",
      "apollo-boost": "^0.4.4",
      "graphql-tag": "^2.10.1",
      "react-apollo": "^3.0.1",
      "react-router": "^5.0.1",
      "react-router-dom": "^5.0.1",
      "react_ujs": "^2.6.0",
      "turbolinks": "^5.2.0"
    },
    "version": "0.1.0"
  }

yarn manifest: 
  No manifest

Lockfile: 
  # THIS IS AN AUTOGENERATED FILE. DO NOT EDIT THIS FILE DIRECTLY.
  # yarn lockfile v1
  
  
  "@apollo/react-common@^3.0.1":
    version "3.0.1"
    resolved "https://registry.yarnpkg.com/@apollo/react-common/-/react-common-3.0.1.tgz#9c8f1433ddaddf80e471259126a76f1738dd4273"
    integrity sha512-7SC4qqPFo/41AhaQKCRovIshKkm4JLEGXyRHi+NPsaNJyk2J/HrWREnlHVqoPzYeIyq33f1L6j/NAkKn1NOnnQ==
    dependencies:
      ts-invariant "^0.4.4"
      tslib "^1.10.0"
  
  "@apollo/react-components@^3.0.1":
    version "3.0.1"
    resolved "https://registry.yarnpkg.com/@apollo/react-components/-/react-components-3.0.1.tgz#f6fdd9fdb9863c0e8094a33f2525e7770fcf14ee"
    integrity sha512-IQwcwv+ItW/QHUeO2zQH+CJGnqepPwwShD9H6+v1ptLvixggodr7S4KalNKXgRUVJsoPBFiVgpTMoJe3h4+Eyg==
    dependencies:
      "@apollo/react-common" "^3.0.1"
      "@apollo/react-hooks" "^3.0.1"
      prop-types "^15.7.2"
      ts-invariant "^0.4.4"
      tslib "^1.10.0"
  
  "@apollo/react-hoc@^3.0.1":
    version "3.0.1"
    resolved "https://registry.yarnpkg.com/@apollo/react-hoc/-/react-hoc-3.0.1.tgz#b9921cbac3c88124ff8fa977571bfdb1ece8e0ba"
    integrity sha512-sKt0/xjr6jknJztJRWA0zX9wUY/xBq6lwyqPxrRM72hCatz/BSi1tgVv9LMHTA0aJPBK79pWXFq/EeiXW2LkVw==
    dependencies:
      "@apollo/react-common" "^3.0.1"
      "@apollo/react-components" "^3.0.1"
      hoist-non-react-statics "^3.3.0"
      ts-invariant "^0.4.4"
      tslib "^1.10.0"
  
  "@apollo/react-hooks@^3.0.1":
    version "3.0.1"
    resolved "https://registry.yarnpkg.com/@apollo/react-hooks/-/react-hooks-3.0.1.tgz#83869beddcbb06cba05d50ccf05097191d245a9c"
    integrity sha512-Boai/T+2z3m23Gy82m1pB+FOlrhkBJ//EIYa3pqX9sUsvgRWMKC+3NxpeHEUYqsf0qzFiM1dO4Pn9OxCFstM8g==
    dependencies:
      "@apollo/react-common" "^3.0.1"
      "@wry/equality" "^0.1.9"
      ts-invariant "^0.4.4"
      tslib "^1.10.0"
  
  "@apollo/react-ssr@^3.0.1":
    version "3.0.1"
    resolved "https://registry.yarnpkg.com/@apollo/react-ssr/-/react-ssr-3.0.1.tgz#2d54182e378722314ad1b1b4b9ccfffb06a54c89"
    integrity sha512-eeAaajIH1zbMk+zigNAlEeyVH80ELrsjvRCcQxH80+THgnJx/hgkKfmhG2p1q2Djefyv6VfImAwd4xqX6/LRSA==
    dependencies:
      "@apollo/react-common" "^3.0.1"
      "@apollo/react-hooks" "^3.0.1"
      tslib "^1.10.0"
  
  "@babel/runtime@^7.1.2", "@babel/runtime@^7.4.0":
    version "7.5.5"
    resolved "https://registry.yarnpkg.com/@babel/runtime/-/runtime-7.5.5.tgz#74fba56d35efbeca444091c7850ccd494fd2f132"
    integrity sha512-28QvEGyQyNkB0/m2B4FU7IEZGK2NUrcMtT6BZEFALTguLk+AUT6ofsHtPk5QyjAdUkpMJ+/Em+quwz4HOt30AQ==
    dependencies:
      regenerator-runtime "^0.13.2"
  
  "@rails/actioncable@^6.0.0-alpha":
    version "6.0.0"
    resolved "https://registry.yarnpkg.com/@rails/actioncable/-/actioncable-6.0.0.tgz#8bff9c902be1531ef7a9e191562e9771efcfdfe1"
    integrity sha512-DieouotYHpI6k2EGTCnh1eMvD3W8p3zqjWXEYj4z0khJ+A0qQ5tHxihjTEkio54MVwqHt1DcpUm2woh2n/alCA==
  
  "@rails/activestorage@^6.0.0-alpha":
    version "6.0.0"
    resolved "https://registry.yarnpkg.com/@rails/activestorage/-/activestorage-6.0.0.tgz#6d9cc98f3dcf195c38ca65e80acd2e759336dd7a"
    integrity sha512-RZqTVlUYSWcI88pSJ7ImuTtDYQvqVc2PNuOo+5R3hcVupD+d2TO8xmluqQ5TvByjPqKX4acEK0mjEIK5ip9kCg==
    dependencies:
      spark-md5 "^3.0.0"
  
  "@rails/ujs@^6.0.0-alpha":
    version "6.0.0"
    resolved "https://registry.yarnpkg.com/@rails/ujs/-/ujs-6.0.0.tgz#6c1957870ba075f7e82fdf875f5ed2181ff9355e"
    integrity sha512-0oh/MnpZzluItU/vgaxZv+JtMXxOtA0HPK6ZiMoPd2sLH06q58QdCKPVlC36YMnP4451rcrvxO6xns3w97C1og==
  
  "@types/node@>=6":
    version "12.7.2"
    resolved "https://registry.yarnpkg.com/@types/node/-/node-12.7.2.tgz#c4e63af5e8823ce9cc3f0b34f7b998c2171f0c44"
    integrity sha512-dyYO+f6ihZEtNPDcWNR1fkoTDf3zAK3lAABDze3mz6POyIercH0lEUawUFXlG8xaQZmm1yEBON/4TsYv/laDYg==
  
  "@types/zen-observable@^0.8.0":
    version "0.8.0"
    resolved "https://registry.yarnpkg.com/@types/zen-observable/-/zen-observable-0.8.0.tgz#8b63ab7f1aa5321248aad5ac890a485656dcea4d"
    integrity sha512-te5lMAWii1uEJ4FwLjzdlbw3+n0FZNOvFXHxQDKeT0dilh7HOzdMzV2TrJVUzq8ep7J4Na8OUYPRLSQkJHAlrg==
  
  "@wry/context@^0.4.0":
    version "0.4.4"
    resolved "https://registry.yarnpkg.com/@wry/context/-/context-0.4.4.tgz#e50f5fa1d6cfaabf2977d1fda5ae91717f8815f8"
    integrity sha512-LrKVLove/zw6h2Md/KZyWxIkFM6AoyKp71OqpH9Hiip1csjPVoD3tPxlbQUNxEnHENks3UGgNpSBCAfq9KWuag==
    dependencies:
      "@types/node" ">=6"
      tslib "^1.9.3"
  
  "@wry/equality@^0.1.2", "@wry/equality@^0.1.9":
    version "0.1.9"
    resolved "https://registry.yarnpkg.com/@wry/equality/-/equality-0.1.9.tgz#b13e18b7a8053c6858aa6c85b54911fb31e3a909"
    integrity sha512-mB6ceGjpMGz1ZTza8HYnrPGos2mC6So4NhS1PtZ8s4Qt0K7fBiIGhpSxUbQmhwcSWE3no+bYxmI2OL6KuXYmoQ==
    dependencies:
      tslib "^1.9.3"
  
  apollo-boost@^0.4.4:
    version "0.4.4"
    resolved "https://registry.yarnpkg.com/apollo-boost/-/apollo-boost-0.4.4.tgz#7c278dac6cb6fa3f2f710c56baddc6e3ae730651"
    integrity sha512-ASngBvazmp9xNxXfJ2InAzfDwz65o4lswlEPrWoN35scXmCz8Nz4k3CboUXbrcN/G0IExkRf/W7o9Rg0cjEBqg==
    dependencies:
      apollo-cache "^1.3.2"
      apollo-cache-inmemory "^1.6.3"
      apollo-client "^2.6.4"
      apollo-link "^1.0.6"
      apollo-link-error "^1.0.3"
      apollo-link-http "^1.3.1"
      graphql-tag "^2.4.2"
      ts-invariant "^0.4.0"
      tslib "^1.9.3"
  
  apollo-cache-inmemory@^1.6.3:
    version "1.6.3"
    resolved "https://registry.yarnpkg.com/apollo-cache-inmemory/-/apollo-cache-inmemory-1.6.3.tgz#826861d20baca4abc45f7ca7a874105905b8525d"
    integrity sha512-S4B/zQNSuYc0M/1Wq8dJDTIO9yRgU0ZwDGnmlqxGGmFombOZb9mLjylewSfQKmjNpciZ7iUIBbJ0mHlPJTzdXg==
    dependencies:
      apollo-cache "^1.3.2"
      apollo-utilities "^1.3.2"
      optimism "^0.10.0"
      ts-invariant "^0.4.0"
      tslib "^1.9.3"
  
  apollo-cache@1.3.2, apollo-cache@^1.3.2:
    version "1.3.2"
    resolved "https://registry.yarnpkg.com/apollo-cache/-/apollo-cache-1.3.2.tgz#df4dce56240d6c95c613510d7e409f7214e6d26a"
    integrity sha512-+KA685AV5ETEJfjZuviRTEImGA11uNBp/MJGnaCvkgr+BYRrGLruVKBv6WvyFod27WEB2sp7SsG8cNBKANhGLg==
    dependencies:
      apollo-utilities "^1.3.2"
      tslib "^1.9.3"
  
  apollo-client@^2.6.4:
    version "2.6.4"
    resolved "https://registry.yarnpkg.com/apollo-client/-/apollo-client-2.6.4.tgz#872c32927263a0d34655c5ef8a8949fbb20b6140"
    integrity sha512-oWOwEOxQ9neHHVZrQhHDbI6bIibp9SHgxaLRVPoGvOFy7OH5XUykZE7hBQAVxq99tQjBzgytaZffQkeWo1B4VQ==
    dependencies:
      "@types/zen-observable" "^0.8.0"
      apollo-cache "1.3.2"
      apollo-link "^1.0.0"
      apollo-utilities "1.3.2"
      symbol-observable "^1.0.2"
      ts-invariant "^0.4.0"
      tslib "^1.9.3"
      zen-observable "^0.8.0"
  
  apollo-link-error@^1.0.3:
    version "1.1.11"
    resolved "https://registry.yarnpkg.com/apollo-link-error/-/apollo-link-error-1.1.11.tgz#7cd363179616fb90da7866cee85cb00ee45d2f3b"
    integrity sha512-442DNqn3CNRikDaenMMkoDmCRmkoUx/XyUMlRTZBEFdTw3FYPQLsmDO3hzzC4doY5/BHcn9/jdYh9EeLx4HPsA==
    dependencies:
      apollo-link "^1.2.12"
      apollo-link-http-common "^0.2.14"
      tslib "^1.9.3"
  
  apollo-link-http-common@^0.2.14:
    version "0.2.14"
    resolved "https://registry.yarnpkg.com/apollo-link-http-common/-/apollo-link-http-common-0.2.14.tgz#d3a195c12e00f4e311c417f121181dcc31f7d0c8"
    integrity sha512-v6mRU1oN6XuX8beVIRB6OpF4q1ULhSnmy7ScnHnuo1qV6GaFmDcbdvXqxIkAV1Q8SQCo2lsv4HeqJOWhFfApOg==
    dependencies:
      apollo-link "^1.2.12"
      ts-invariant "^0.4.0"
      tslib "^1.9.3"
  
  apollo-link-http@^1.3.1:
    version "1.5.15"
    resolved "https://registry.yarnpkg.com/apollo-link-http/-/apollo-link-http-1.5.15.tgz#106ab23bb8997bd55965d05855736d33119652cf"
    integrity sha512-epZFhCKDjD7+oNTVK3P39pqWGn4LEhShAoA1Q9e2tDrBjItNfviiE33RmcLcCURDYyW5JA6SMgdODNI4Is8tvQ==
    dependencies:
      apollo-link "^1.2.12"
      apollo-link-http-common "^0.2.14"
      tslib "^1.9.3"
  
  apollo-link@^1.0.0, apollo-link@^1.0.6, apollo-link@^1.2.12:
    version "1.2.12"
    resolved "https://registry.yarnpkg.com/apollo-link/-/apollo-link-1.2.12.tgz#014b514fba95f1945c38ad4c216f31bcfee68429"
    integrity sha512-fsgIAXPKThyMVEMWQsUN22AoQI+J/pVXcjRGAShtk97h7D8O+SPskFinCGEkxPeQpE83uKaqafB2IyWdjN+J3Q==
    dependencies:
      apollo-utilities "^1.3.0"
      ts-invariant "^0.4.0"
      tslib "^1.9.3"
      zen-observable-ts "^0.8.19"
  
  apollo-utilities@1.3.2, apollo-utilities@^1.3.0, apollo-utilities@^1.3.2:
    version "1.3.2"
    resolved "https://registry.yarnpkg.com/apollo-utilities/-/apollo-utilities-1.3.2.tgz#8cbdcf8b012f664cd6cb5767f6130f5aed9115c9"
    integrity sha512-JWNHj8XChz7S4OZghV6yc9FNnzEXj285QYp/nLNh943iObycI5GTDO3NGR9Dth12LRrSFMeDOConPfPln+WGfg==
    dependencies:
      "@wry/equality" "^0.1.2"
      fast-json-stable-stringify "^2.0.0"
      ts-invariant "^0.4.0"
      tslib "^1.9.3"
  
  fast-json-stable-stringify@^2.0.0:
    version "2.0.0"
    resolved "https://registry.yarnpkg.com/fast-json-stable-stringify/-/fast-json-stable-stringify-2.0.0.tgz#d5142c0caee6b1189f87d3a76111064f86c8bbf2"
    integrity sha1-1RQsDK7msRifh9OnYREGT4bIu/I=
  
  graphql-tag@^2.10.1, graphql-tag@^2.4.2:
    version "2.10.1"
    resolved "https://registry.yarnpkg.com/graphql-tag/-/graphql-tag-2.10.1.tgz#10aa41f1cd8fae5373eaf11f1f67260a3cad5e02"
    integrity sha512-jApXqWBzNXQ8jYa/HLkZJaVw9jgwNqZkywa2zfFn16Iv1Zb7ELNHkJaXHR7Quvd5SIGsy6Ny7SUKATgnu05uEg==
  
  gud@^1.0.0:
    version "1.0.0"
    resolved "https://registry.yarnpkg.com/gud/-/gud-1.0.0.tgz#a489581b17e6a70beca9abe3ae57de7a499852c0"
    integrity sha512-zGEOVKFM5sVPPrYs7J5/hYEw2Pof8KCyOwyhG8sAF26mCAeUFAcYPu1mwB7hhpIP29zOIBaDqwuHdLp0jvZXjw==
  
  history@^4.9.0:
    version "4.9.0"
    resolved "https://registry.yarnpkg.com/history/-/history-4.9.0.tgz#84587c2068039ead8af769e9d6a6860a14fa1bca"
    integrity sha512-H2DkjCjXf0Op9OAr6nJ56fcRkTSNrUiv41vNJ6IswJjif6wlpZK0BTfFbi7qK9dXLSYZxkq5lBsj3vUjlYBYZA==
    dependencies:
      "@babel/runtime" "^7.1.2"
      loose-envify "^1.2.0"
      resolve-pathname "^2.2.0"
      tiny-invariant "^1.0.2"
      tiny-warning "^1.0.0"
      value-equal "^0.4.0"
  
  hoist-non-react-statics@^3.1.0, hoist-non-react-statics@^3.3.0:
    version "3.3.0"
    resolved "https://registry.yarnpkg.com/hoist-non-react-statics/-/hoist-non-react-statics-3.3.0.tgz#b09178f0122184fb95acf525daaecb4d8f45958b"
    integrity sha512-0XsbTXxgiaCDYDIWFcwkmerZPSwywfUqYmwT4jzewKTQSWoE6FCMoUVOeBJWK3E/CrWbxRG3m5GzY4lnIwGRBA==
    dependencies:
      react-is "^16.7.0"
  
  isarray@0.0.1:
    version "0.0.1"
    resolved "https://registry.yarnpkg.com/isarray/-/isarray-0.0.1.tgz#8a18acfca9a8f4177e09abfc6038939b05d1eedf"
    integrity sha1-ihis/Kmo9Bd+Cav8YDiTmwXR7t8=
  
  "js-tokens@^3.0.0 || ^4.0.0":
    version "4.0.0"
    resolved "https://registry.yarnpkg.com/js-tokens/-/js-tokens-4.0.0.tgz#19203fb59991df98e3a287050d4647cdeaf32499"
    integrity sha512-RdJUflcE3cUzKiMqQgsCu06FPu9UdIJO0beYbPhHN4k6apgJtifcoCtT9bcxOpYBtpD2kCM6Sbzg4CausW/PKQ==
  
  loose-envify@^1.2.0, loose-envify@^1.3.1, loose-envify@^1.4.0:
    version "1.4.0"
    resolved "https://registry.yarnpkg.com/loose-envify/-/loose-envify-1.4.0.tgz#71ee51fa7be4caec1a63839f7e682d8132d30caf"
    integrity sha512-lyuxPGr/Wfhrlem2CL/UcnUc1zcqKAImBDzukY7Y5F/yQiNdko6+fRLevlw1HgMySw7f611UIY408EtxRSoK3Q==
    dependencies:
      js-tokens "^3.0.0 || ^4.0.0"
  
  mini-create-react-context@^0.3.0:
    version "0.3.2"
    resolved "https://registry.yarnpkg.com/mini-create-react-context/-/mini-create-react-context-0.3.2.tgz#79fc598f283dd623da8e088b05db8cddab250189"
    integrity sha512-2v+OeetEyliMt5VHMXsBhABoJ0/M4RCe7fatd/fBy6SMiKazUSEt3gxxypfnk2SHMkdBYvorHRoQxuGoiwbzAw==
    dependencies:
      "@babel/runtime" "^7.4.0"
      gud "^1.0.0"
      tiny-warning "^1.0.2"
  
  object-assign@^4.1.1:
    version "4.1.1"
    resolved "https://registry.yarnpkg.com/object-assign/-/object-assign-4.1.1.tgz#2109adc7965887cfc05cbbd442cac8bfbb360863"
    integrity sha1-IQmtx5ZYh8/AXLvUQsrIv7s2CGM=
  
  optimism@^0.10.0:
    version "0.10.2"
    resolved "https://registry.yarnpkg.com/optimism/-/optimism-0.10.2.tgz#626b6fd28b0923de98ecb36a3fd2d3d4e5632dd9"
    integrity sha512-zPfBIxFFWMmQboM9+Z4MSJqc1PXp82v1PFq/GfQaufI69mHKlup7ykGNnfuGIGssXJQkmhSodQ/k9EWwjd8O8A==
    dependencies:
      "@wry/context" "^0.4.0"
  
  path-to-regexp@^1.7.0:
    version "1.7.0"
    resolved "https://registry.yarnpkg.com/path-to-regexp/-/path-to-regexp-1.7.0.tgz#59fde0f435badacba103a84e9d3bc64e96b9937d"
    integrity sha1-Wf3g9DW62suhA6hOnTvGTpa5k30=
    dependencies:
      isarray "0.0.1"
  
  prop-types@^15.6.2, prop-types@^15.7.2:
    version "15.7.2"
    resolved "https://registry.yarnpkg.com/prop-types/-/prop-types-15.7.2.tgz#52c41e75b8c87e72b9d9360e0206b99dcbffa6c5"
    integrity sha512-8QQikdH7//R2vurIJSutZ1smHYTcLpRWEOlHnzcWHmBYrOGUysKwSsrC89BCiFj3CbrfJ/nXFdJepOVrY1GCHQ==
    dependencies:
      loose-envify "^1.4.0"
      object-assign "^4.1.1"
      react-is "^16.8.1"
  
  react-apollo@^3.0.1:
    version "3.0.1"
    resolved "https://registry.yarnpkg.com/react-apollo/-/react-apollo-3.0.1.tgz#94f981d3e8770180cafc6c23b5582667e8b80b17"
    integrity sha512-2hsSYBfxPqPquS8CupWq+U+6XuDfr/Rr1ssXwfOTYe5gCyTthdUqafIm+pyStur9X2W4ZNQMFyjVicsPNq2tnA==
    dependencies:
      "@apollo/react-common" "^3.0.1"
      "@apollo/react-components" "^3.0.1"
      "@apollo/react-hoc" "^3.0.1"
      "@apollo/react-hooks" "^3.0.1"
      "@apollo/react-ssr" "^3.0.1"
  
  react-is@^16.6.0, react-is@^16.7.0, react-is@^16.8.1:
    version "16.9.0"
    resolved "https://registry.yarnpkg.com/react-is/-/react-is-16.9.0.tgz#21ca9561399aad0ff1a7701c01683e8ca981edcb"
    integrity sha512-tJBzzzIgnnRfEm046qRcURvwQnZVXmuCbscxUO5RWrGTXpon2d4c8mI0D8WE6ydVIm29JiLB6+RslkIvym9Rjw==
  
  react-router-dom@^5.0.1:
    version "5.0.1"
    resolved "https://registry.yarnpkg.com/react-router-dom/-/react-router-dom-5.0.1.tgz#ee66f4a5d18b6089c361958e443489d6bab714be"
    integrity sha512-zaVHSy7NN0G91/Bz9GD4owex5+eop+KvgbxXsP/O+iW1/Ln+BrJ8QiIR5a6xNPtrdTvLkxqlDClx13QO1uB8CA==
    dependencies:
      "@babel/runtime" "^7.1.2"
      history "^4.9.0"
      loose-envify "^1.3.1"
      prop-types "^15.6.2"
      react-router "5.0.1"
      tiny-invariant "^1.0.2"
      tiny-warning "^1.0.0"
  
  react-router@5.0.1, react-router@^5.0.1:
    version "5.0.1"
    resolved "https://registry.yarnpkg.com/react-router/-/react-router-5.0.1.tgz#04ee77df1d1ab6cb8939f9f01ad5702dbadb8b0f"
    integrity sha512-EM7suCPNKb1NxcTZ2LEOWFtQBQRQXecLxVpdsP4DW4PbbqYWeRiLyV/Tt1SdCrvT2jcyXAXmVTmzvSzrPR63Bg==
    dependencies:
      "@babel/runtime" "^7.1.2"
      history "^4.9.0"
      hoist-non-react-statics "^3.1.0"
      loose-envify "^1.3.1"
      mini-create-react-context "^0.3.0"
      path-to-regexp "^1.7.0"
      prop-types "^15.6.2"
      react-is "^16.6.0"
      tiny-invariant "^1.0.2"
      tiny-warning "^1.0.0"
  
  react_ujs@^2.6.0:
    version "2.6.0"
    resolved "https://registry.yarnpkg.com/react_ujs/-/react_ujs-2.6.0.tgz#98c53cc40b2b3b8558300e19394638d45d37a177"
    integrity sha512-vNPVjT720+7998ip1SXPPPetQGAgYd1PGDTZTwNC2Qf9/w3O8+bR04mjvO9BTlORab777V9QpeULvgRC22jDrw==
    dependencies:
      react_ujs "^2.6.0"
  
  regenerator-runtime@^0.13.2:
    version "0.13.3"
    resolved "https://registry.yarnpkg.com/regenerator-runtime/-/regenerator-runtime-0.13.3.tgz#7cf6a77d8f5c6f60eb73c5fc1955b2ceb01e6bf5"
    integrity sha512-naKIZz2GQ8JWh///G7L3X6LaQUAMp2lvb1rvwwsURe/VXwD6VMfr+/1NuNw3ag8v2kY1aQ/go5SNn79O9JU7yw==
  
  resolve-pathname@^2.2.0:
    version "2.2.0"
    resolved "https://registry.yarnpkg.com/resolve-pathname/-/resolve-pathname-2.2.0.tgz#7e9ae21ed815fd63ab189adeee64dc831eefa879"
    integrity sha512-bAFz9ld18RzJfddgrO2e/0S2O81710++chRMUxHjXOYKF6jTAMrUNZrEZ1PvV0zlhfjidm08iRPdTLPno1FuRg==
  
  spark-md5@^3.0.0:
    version "3.0.0"
    resolved "https://registry.yarnpkg.com/spark-md5/-/spark-md5-3.0.0.tgz#3722227c54e2faf24b1dc6d933cc144e6f71bfef"
    integrity sha1-NyIifFTi+vJLHcbZM8wUTm9xv+8=
  
  symbol-observable@^1.0.2:
    version "1.2.0"
    resolved "https://registry.yarnpkg.com/symbol-observable/-/symbol-observable-1.2.0.tgz#c22688aed4eab3cdc2dfeacbb561660560a00804"
    integrity sha512-e900nM8RRtGhlV36KGEU9k65K3mPb1WV70OdjfxlG2EAuM1noi/E/BaW/uMhL7bPEssK8QV57vN3esixjUvcXQ==
  
  tiny-invariant@^1.0.2:
    version "1.0.6"
    resolved "https://registry.yarnpkg.com/tiny-invariant/-/tiny-invariant-1.0.6.tgz#b3f9b38835e36a41c843a3b0907a5a7b3755de73"
    integrity sha512-FOyLWWVjG+aC0UqG76V53yAWdXfH8bO6FNmyZOuUrzDzK8DI3/JRY25UD7+g49JWM1LXwymsKERB+DzI0dTEQA==
  
  tiny-warning@^1.0.0, tiny-warning@^1.0.2:
    version "1.0.3"
    resolved "https://registry.yarnpkg.com/tiny-warning/-/tiny-warning-1.0.3.tgz#94a30db453df4c643d0fd566060d60a875d84754"
    integrity sha512-lBN9zLN/oAf68o3zNXYrdCt1kP8WsiGW8Oo2ka41b2IM5JL/S1CTyX1rW0mb/zSuJun0ZUrDxx4sqvYS2FWzPA==
  
  ts-invariant@^0.4.0, ts-invariant@^0.4.4:
    version "0.4.4"
    resolved "https://registry.yarnpkg.com/ts-invariant/-/ts-invariant-0.4.4.tgz#97a523518688f93aafad01b0e80eb803eb2abd86"
    integrity sha512-uEtWkFM/sdZvRNNDL3Ehu4WVpwaulhwQszV8mrtcdeE8nN00BV9mAmQ88RkrBhFgl9gMgvjJLAQcZbnPXI9mlA==
    dependencies:
      tslib "^1.9.3"
  
  tslib@^1.10.0, tslib@^1.9.3:
    version "1.10.0"
    resolved "https://registry.yarnpkg.com/tslib/-/tslib-1.10.0.tgz#c3c19f95973fb0a62973fb09d90d961ee43e5c8a"
    integrity sha512-qOebF53frne81cf0S9B41ByenJ3/IuH8yJKngAX35CmiZySA0khhkovshKK+jGCaMnVomla7gVlIcc3EvKPbTQ==
  
  turbolinks@^5.2.0:
    version "5.2.0"
    resolved "https://registry.yarnpkg.com/turbolinks/-/turbolinks-5.2.0.tgz#e6877a55ea5c1cb3bb225f0a4ae303d6d32ff77c"
    integrity sha512-pMiez3tyBo6uRHFNNZoYMmrES/IaGgMhQQM+VFF36keryjb5ms0XkVpmKHkfW/4Vy96qiGW3K9bz0tF5sK9bBw==
  
  value-equal@^0.4.0:
    version "0.4.0"
    resolved "https://registry.yarnpkg.com/value-equal/-/value-equal-0.4.0.tgz#c5bdd2f54ee093c04839d71ce2e4758a6890abc7"
    integrity sha512-x+cYdNnaA3CxvMaTX0INdTCN8m8aF2uY9BvEqmxuYp8bL09cs/kWVQPVGcA35fMktdOsP69IgU7wFj/61dJHEw==
  
  zen-observable-ts@^0.8.19:
    version "0.8.19"
    resolved "https://registry.yarnpkg.com/zen-observable-ts/-/zen-observable-ts-0.8.19.tgz#c094cd20e83ddb02a11144a6e2a89706946b5694"
    integrity sha512-u1a2rpE13G+jSzrg3aiCqXU5tN2kw41b+cBZGmnc+30YimdkKiDj9bTowcB41eL77/17RF/h+393AuVgShyheQ==
    dependencies:
      tslib "^1.9.3"
      zen-observable "^0.8.0"
  
  zen-observable@^0.8.0:
    version "0.8.14"
    resolved "https://registry.yarnpkg.com/zen-observable/-/zen-observable-0.8.14.tgz#d33058359d335bc0db1f0af66158b32872af3bf7"
    integrity sha512-kQz39uonEjEESwh+qCi83kcC3rZJGh4mrZW7xjkSQYXkq//JZHTtKo+6yuVloTgMtzsIWOJrjIrKvk/dqm0L5g==
